This is pdfTeX, Version 3.14159265-2.6-1.40.20 (TeX Live 2019/Debian) (preloaded format=pdflatex 2021.1.26)  19 MAR 2021 03:57
entering extended mode
 \write18 enabled.
 %&-line parsing enabled.
**/home/tgg/github/ufmg-doc/fdtd/final_project/latex/article3.tex
(/home/tgg/github/ufmg-doc/fdtd/final_project/latex/article3.tex
LaTeX2e <2020-02-02> patch level 2
L3 programming layer <2020-02-14> (./IEEEtran.cls
Document Class: IEEEtran 2015/08/26 V1.8b by Michael Shell
-- See the "IEEEtran_HOWTO" manual for usage information.
-- http://www.michaelshell.org/tex/ieeetran/
\@IEEEtrantmpdimenA=\dimen134
\@IEEEtrantmpdimenB=\dimen135
\@IEEEtrantmpdimenC=\dimen136
\@IEEEtrantmpcountA=\count167
\@IEEEtrantmpcountB=\count168
\@IEEEtrantmpcountC=\count169
\@IEEEtrantmptoksA=\toks14
LaTeX Font Info:    Trying to load font information for OT1+ptm on input line 5
03.
(/usr/share/texlive/texmf-dist/tex/latex/psnfss/ot1ptm.fd
File: ot1ptm.fd 2001/06/04 font definitions for OT1/ptm.
)
-- Using 8.5in x 11in (letter) paper.
-- Using PDF output.
\@IEEEnormalsizeunitybaselineskip=\dimen137
-- This is a 10 point document.
\CLASSINFOnormalsizebaselineskip=\dimen138
\CLASSINFOnormalsizeunitybaselineskip=\dimen139
\IEEEnormaljot=\dimen140
LaTeX Font Info:    Font shape `OT1/ptm/bx/n' in size <5> not available
(Font)              Font shape `OT1/ptm/b/n' tried instead on input line 1090.
LaTeX Font Info:    Font shape `OT1/ptm/bx/it' in size <5> not available
(Font)              Font shape `OT1/ptm/b/it' tried instead on input line 1090.

LaTeX Font Info:    Font shape `OT1/ptm/bx/n' in size <7> not available
(Font)              Font shape `OT1/ptm/b/n' tried instead on input line 1090.
LaTeX Font Info:    Font shape `OT1/ptm/bx/it' in size <7> not available
(Font)              Font shape `OT1/ptm/b/it' tried instead on input line 1090.

LaTeX Font Info:    Font shape `OT1/ptm/bx/n' in size <8> not available
(Font)              Font shape `OT1/ptm/b/n' tried instead on input line 1090.
LaTeX Font Info:    Font shape `OT1/ptm/bx/it' in size <8> not available
(Font)              Font shape `OT1/ptm/b/it' tried instead on input line 1090.

LaTeX Font Info:    Font shape `OT1/ptm/bx/n' in size <9> not available
(Font)              Font shape `OT1/ptm/b/n' tried instead on input line 1090.
LaTeX Font Info:    Font shape `OT1/ptm/bx/it' in size <9> not available
(Font)              Font shape `OT1/ptm/b/it' tried instead on input line 1090.

LaTeX Font Info:    Font shape `OT1/ptm/bx/n' in size <10> not available
(Font)              Font shape `OT1/ptm/b/n' tried instead on input line 1090.
LaTeX Font Info:    Font shape `OT1/ptm/bx/it' in size <10> not available
(Font)              Font shape `OT1/ptm/b/it' tried instead on input line 1090.

LaTeX Font Info:    Font shape `OT1/ptm/bx/n' in size <11> not available
(Font)              Font shape `OT1/ptm/b/n' tried instead on input line 1090.
LaTeX Font Info:    Font shape `OT1/ptm/bx/it' in size <11> not available
(Font)              Font shape `OT1/ptm/b/it' tried instead on input line 1090.

LaTeX Font Info:    Font shape `OT1/ptm/bx/n' in size <12> not available
(Font)              Font shape `OT1/ptm/b/n' tried instead on input line 1090.
LaTeX Font Info:    Font shape `OT1/ptm/bx/it' in size <12> not available
(Font)              Font shape `OT1/ptm/b/it' tried instead on input line 1090.

LaTeX Font Info:    Font shape `OT1/ptm/bx/n' in size <17> not available
(Font)              Font shape `OT1/ptm/b/n' tried instead on input line 1090.
LaTeX Font Info:    Font shape `OT1/ptm/bx/it' in size <17> not available
(Font)              Font shape `OT1/ptm/b/it' tried instead on input line 1090.

LaTeX Font Info:    Font shape `OT1/ptm/bx/n' in size <20> not available
(Font)              Font shape `OT1/ptm/b/n' tried instead on input line 1090.
LaTeX Font Info:    Font shape `OT1/ptm/bx/it' in size <20> not available
(Font)              Font shape `OT1/ptm/b/it' tried instead on input line 1090.

LaTeX Font Info:    Font shape `OT1/ptm/bx/n' in size <24> not available
(Font)              Font shape `OT1/ptm/b/n' tried instead on input line 1090.
LaTeX Font Info:    Font shape `OT1/ptm/bx/it' in size <24> not available
(Font)              Font shape `OT1/ptm/b/it' tried instead on input line 1090.

\IEEEquantizedlength=\dimen141
\IEEEquantizedlengthdiff=\dimen142
\IEEEquantizedtextheightdiff=\dimen143
\IEEEilabelindentA=\dimen144
\IEEEilabelindentB=\dimen145
\IEEEilabelindent=\dimen146
\IEEEelabelindent=\dimen147
\IEEEdlabelindent=\dimen148
\IEEElabelindent=\dimen149
\IEEEiednormlabelsep=\dimen150
\IEEEiedmathlabelsep=\dimen151
\IEEEiedtopsep=\skip47
\c@section=\count170
\c@subsection=\count171
\c@subsubsection=\count172
\c@paragraph=\count173
\c@IEEEsubequation=\count174
\abovecaptionskip=\skip48
\belowcaptionskip=\skip49
\c@figure=\count175
\c@table=\count176
\@IEEEeqnnumcols=\count177
\@IEEEeqncolcnt=\count178
\@IEEEsubeqnnumrollback=\count179
\@IEEEquantizeheightA=\dimen152
\@IEEEquantizeheightB=\dimen153
\@IEEEquantizeheightC=\dimen154
\@IEEEquantizeprevdepth=\dimen155
\@IEEEquantizemultiple=\count180
\@IEEEquantizeboxA=\box45
\@IEEEtmpitemindent=\dimen156
\IEEEPARstartletwidth=\dimen157
\c@IEEEbiography=\count181
\@IEEEtranrubishbin=\box46
) (/usr/share/texlive/texmf-dist/tex/latex/import/import.sty
Package: import 2009/03/23  v 5.1
)
(/usr/share/texlive/texmf-dist/tex/latex/graphics/graphicx.sty
Package: graphicx 2019/11/30 v1.2a Enhanced LaTeX Graphics (DPC,SPQR)

(/usr/share/texlive/texmf-dist/tex/latex/graphics/keyval.sty
Package: keyval 2014/10/28 v1.15 key=value parser (DPC)
\KV@toks@=\toks15
)
(/usr/share/texlive/texmf-dist/tex/latex/graphics/graphics.sty
Package: graphics 2019/11/30 v1.4a Standard LaTeX Graphics (DPC,SPQR)

(/usr/share/texlive/texmf-dist/tex/latex/graphics/trig.sty
Package: trig 2016/01/03 v1.10 sin cos tan (DPC)
)
(/usr/share/texlive/texmf-dist/tex/latex/graphics-cfg/graphics.cfg
File: graphics.cfg 2016/06/04 v1.11 sample graphics configuration
)
Package graphics Info: Driver file: pdftex.def on input line 105.

(/usr/share/texlive/texmf-dist/tex/latex/graphics-def/pdftex.def
File: pdftex.def 2018/01/08 v1.0l Graphics/color driver for pdftex
))
\Gin@req@height=\dimen158
\Gin@req@width=\dimen159
)
(/usr/share/texlive/texmf-dist/tex/latex/xcolor/xcolor.sty
Package: xcolor 2016/05/11 v2.12 LaTeX color extensions (UK)

(/usr/share/texlive/texmf-dist/tex/latex/graphics-cfg/color.cfg
File: color.cfg 2016/01/02 v1.6 sample color configuration
)
Package xcolor Info: Driver file: pdftex.def on input line 225.
Package xcolor Info: Model `cmy' substituted by `cmy0' on input line 1348.
Package xcolor Info: Model `hsb' substituted by `rgb' on input line 1352.
Package xcolor Info: Model `RGB' extended on input line 1364.
Package xcolor Info: Model `HTML' substituted by `rgb' on input line 1366.
Package xcolor Info: Model `Hsb' substituted by `hsb' on input line 1367.
Package xcolor Info: Model `tHsb' substituted by `hsb' on input line 1368.
Package xcolor Info: Model `HSB' substituted by `hsb' on input line 1369.
Package xcolor Info: Model `Gray' substituted by `gray' on input line 1370.
Package xcolor Info: Model `wave' substituted by `hsb' on input line 1371.
)
(/usr/share/texlive/texmf-dist/tex/latex/cite/cite.sty
LaTeX Info: Redefining \cite on input line 302.
LaTeX Info: Redefining \nocite on input line 332.
Package: cite 2015/02/27  v 5.5
)
(/usr/share/texlive/texmf-dist/tex/latex/amsmath/amsmath.sty
Package: amsmath 2020/01/20 v2.17e AMS math features
\@mathmargin=\skip50

For additional information on amsmath, use the `?' option.
(/usr/share/texlive/texmf-dist/tex/latex/amsmath/amstext.sty
Package: amstext 2000/06/29 v2.01 AMS text

(/usr/share/texlive/texmf-dist/tex/latex/amsmath/amsgen.sty
File: amsgen.sty 1999/11/30 v2.0 generic functions
\@emptytoks=\toks16
\ex@=\dimen160
))
(/usr/share/texlive/texmf-dist/tex/latex/amsmath/amsbsy.sty
Package: amsbsy 1999/11/29 v1.2d Bold Symbols
\pmbraise@=\dimen161
)
(/usr/share/texlive/texmf-dist/tex/latex/amsmath/amsopn.sty
Package: amsopn 2016/03/08 v2.02 operator names
)
\inf@bad=\count182
LaTeX Info: Redefining \frac on input line 227.
\uproot@=\count183
\leftroot@=\count184
LaTeX Info: Redefining \overline on input line 389.
\classnum@=\count185
\DOTSCASE@=\count186
LaTeX Info: Redefining \ldots on input line 486.
LaTeX Info: Redefining \dots on input line 489.
LaTeX Info: Redefining \cdots on input line 610.
\Mathstrutbox@=\box47
\strutbox@=\box48
\big@size=\dimen162
LaTeX Font Info:    Redeclaring font encoding OML on input line 733.
LaTeX Font Info:    Redeclaring font encoding OMS on input line 734.
\macc@depth=\count187
\c@MaxMatrixCols=\count188
\dotsspace@=\muskip16
\c@parentequation=\count189
\dspbrk@lvl=\count190
\tag@help=\toks17
\row@=\count191
\column@=\count192
\maxfields@=\count193
\andhelp@=\toks18
\eqnshift@=\dimen163
\alignsep@=\dimen164
\tagshift@=\dimen165
\tagwidth@=\dimen166
\totwidth@=\dimen167
\lineht@=\dimen168
\@envbody=\toks19
\multlinegap=\skip51
\multlinetaggap=\skip52
\mathdisplay@stack=\toks20
LaTeX Info: Redefining \[ on input line 2859.
LaTeX Info: Redefining \] on input line 2860.
)
(/usr/share/texlive/texmf-dist/tex/latex/tools/bm.sty
Package: bm 2019/07/24 v1.2d Bold Symbol Support (DPC/FMi)
\symboldoperators=\mathgroup4
\symboldletters=\mathgroup5
\symboldsymbols=\mathgroup6
LaTeX Font Info:    Redeclaring math alphabet \mathbf on input line 141.
LaTeX Info: Redefining \bm on input line 209.
)
(/usr/share/texlive/texmf-dist/tex/latex/l3backend/l3backend-pdfmode.def
File: l3backend-pdfmode.def 2020-02-03 L3 backend support: PDF mode
\l__kernel_color_stack_int=\count194
\l__pdf_internal_box=\box49
)
(./article3.aux)
\openout1 = `article3.aux'.

LaTeX Font Info:    Checking defaults for OML/cmm/m/it on input line 337.
LaTeX Font Info:    ... okay on input line 337.
LaTeX Font Info:    Checking defaults for OMS/cmsy/m/n on input line 337.
LaTeX Font Info:    ... okay on input line 337.
LaTeX Font Info:    Checking defaults for OT1/cmr/m/n on input line 337.
LaTeX Font Info:    ... okay on input line 337.
LaTeX Font Info:    Checking defaults for T1/cmr/m/n on input line 337.
LaTeX Font Info:    ... okay on input line 337.
LaTeX Font Info:    Checking defaults for TS1/cmr/m/n on input line 337.
LaTeX Font Info:    ... okay on input line 337.
LaTeX Font Info:    Checking defaults for OMX/cmex/m/n on input line 337.
LaTeX Font Info:    ... okay on input line 337.
LaTeX Font Info:    Checking defaults for U/cmr/m/n on input line 337.
LaTeX Font Info:    ... okay on input line 337.

-- Lines per column: 58 (exact).
(/usr/share/texlive/texmf-dist/tex/context/base/mkii/supp-pdf.mkii
[Loading MPS to PDF converter (version 2006.09.02).]
\scratchcounter=\count195
\scratchdimen=\dimen169
\scratchbox=\box50
\nofMPsegments=\count196
\nofMParguments=\count197
\everyMPshowfont=\toks21
\MPscratchCnt=\count198
\MPscratchDim=\dimen170
\MPnumerator=\count199
\makeMPintoPDFobject=\count266
\everyMPtoPDFconversion=\toks22
) (/usr/share/texlive/texmf-dist/tex/latex/epstopdf-pkg/epstopdf-base.sty
Package: epstopdf-base 2020-01-24 v2.11 Base part for package epstopdf
Package epstopdf-base Info: Redefining graphics rule for `.eps' on input line 4
85.

(/usr/share/texlive/texmf-dist/tex/latex/latexconfig/epstopdf-sys.cfg
File: epstopdf-sys.cfg 2010/07/13 v1.3 Configuration of (r)epstopdf for TeX Liv
e
))
[1{/var/lib/texmf/fonts/map/pdftex/updmap/pdftex.map}


]
(./figures/sources_detectors.pdf_tex
<figures/sources_detectors.pdf, id=18, page=1, 207.31746pt x 154.89792pt>
File: figures/sources_detectors.pdf Graphic file (type pdf)
<use figures/sources_detectors.pdf, page 1>
Package pdftex.def Info: figures/sources_detectors.pdf , page1 used on input li
ne 56.
(pdftex.def)             Requested size: 207.31744pt x 154.89989pt.
<figures/sources_detectors.pdf, id=19, page=2, 207.31746pt x 154.89792pt>
File: figures/sources_detectors.pdf Graphic file (type pdf)
<use figures/sources_detectors.pdf, page 2>
Package pdftex.def Info: figures/sources_detectors.pdf , page2 used on input li
ne 59.
(pdftex.def)             Requested size: 207.31744pt x 154.89989pt.
<figures/sources_detectors.pdf, id=20, page=3, 207.31746pt x 154.89792pt>
File: figures/sources_detectors.pdf Graphic file (type pdf)
<use figures/sources_detectors.pdf, page 3>
Package pdftex.def Info: figures/sources_detectors.pdf , page3 used on input li
ne 61.
(pdftex.def)             Requested size: 207.31744pt x 154.89989pt.
<figures/sources_detectors.pdf, id=21, page=4, 207.31746pt x 154.89792pt>
File: figures/sources_detectors.pdf Graphic file (type pdf)
<use figures/sources_detectors.pdf, page 4>
Package pdftex.def Info: figures/sources_detectors.pdf , page4 used on input li
ne 63.
(pdftex.def)             Requested size: 207.31744pt x 154.89989pt.
) (./figures/PHC_2D.pdf_tex
<figures/PHC_2D.pdf, id=22, page=1, 199.38379pt x 115.1564pt>
File: figures/PHC_2D.pdf Graphic file (type pdf)
<use figures/PHC_2D.pdf, page 1>
Package pdftex.def Info: figures/PHC_2D.pdf , page1 used on input line 56.
(pdftex.def)             Requested size: 199.38379pt x 115.15962pt.
<figures/PHC_2D.pdf, id=23, page=2, 199.38379pt x 115.1564pt>
File: figures/PHC_2D.pdf Graphic file (type pdf)
<use figures/PHC_2D.pdf, page 2>
Package pdftex.def Info: figures/PHC_2D.pdf , page2 used on input line 59.
(pdftex.def)             Requested size: 199.38379pt x 115.15962pt.
<figures/PHC_2D.pdf, id=24, page=3, 199.38379pt x 115.1564pt>
File: figures/PHC_2D.pdf Graphic file (type pdf)
<use figures/PHC_2D.pdf, page 3>
Package pdftex.def Info: figures/PHC_2D.pdf , page3 used on input line 63.
(pdftex.def)             Requested size: 199.38379pt x 115.15962pt.
)
(./figures/PHC_3D.pdf_tex
<figures/PHC_3D.pdf, id=25, page=1, 194.41472pt x 168.40192pt>
File: figures/PHC_3D.pdf Graphic file (type pdf)
<use figures/PHC_3D.pdf, page 1>
Package pdftex.def Info: figures/PHC_3D.pdf , page1 used on input line 56.
(pdftex.def)             Requested size: 194.4147pt x 168.40662pt.
<figures/PHC_3D.pdf, id=26, page=2, 194.41472pt x 168.40192pt>
File: figures/PHC_3D.pdf Graphic file (type pdf)
<use figures/PHC_3D.pdf, page 2>
Package pdftex.def Info: figures/PHC_3D.pdf , page2 used on input line 58.
(pdftex.def)             Requested size: 194.4147pt x 168.40662pt.
<figures/PHC_3D.pdf, id=27, page=3, 194.41472pt x 168.40192pt>
File: figures/PHC_3D.pdf Graphic file (type pdf)
<use figures/PHC_3D.pdf, page 3>
Package pdftex.def Info: figures/PHC_3D.pdf , page3 used on input line 61.
(pdftex.def)             Requested size: 194.4147pt x 168.40662pt.
<figures/PHC_3D.pdf, id=28, page=4, 194.41472pt x 168.40192pt>
File: figures/PHC_3D.pdf Graphic file (type pdf)
<use figures/PHC_3D.pdf, page 4>
Package pdftex.def Info: figures/PHC_3D.pdf , page4 used on input line 65.
(pdftex.def)             Requested size: 194.4147pt x 168.40662pt.
<figures/PHC_3D.pdf, id=29, page=5, 194.41472pt x 168.40192pt>
File: figures/PHC_3D.pdf Graphic file (type pdf)
<use figures/PHC_3D.pdf, page 5>
Package pdftex.def Info: figures/PHC_3D.pdf , page5 used on input line 69.
(pdftex.def)             Requested size: 194.4147pt x 168.40662pt.
) (./figures/PSD.pdf_tex
<figures/PSD.pdf, id=30, page=1, 462.52798pt x 346.89601pt>
File: figures/PSD.pdf Graphic file (type pdf)
<use figures/PSD.pdf, page 1>
Package pdftex.def Info: figures/PSD.pdf , page1 used on input line 56.
(pdftex.def)             Requested size: 252.0pt x 189.00429pt.
) (./figures/PWE_2D.pdf_tex
<figures/PWE_2D.pdf, id=31, page=1, 361.35pt x 289.08pt>
File: figures/PWE_2D.pdf Graphic file (type pdf)
<use figures/PWE_2D.pdf, page 1>
Package pdftex.def Info: figures/PWE_2D.pdf , page1 used on input line 56.
(pdftex.def)             Requested size: 252.0pt x 201.60033pt.
)
(./figures/FDTD_2D.pdf_tex
<figures/FDTD_2D.pdf, id=32, page=1, 361.35pt x 289.08pt>
File: figures/FDTD_2D.pdf Graphic file (type pdf)
<use figures/FDTD_2D.pdf, page 1>
Package pdftex.def Info: figures/FDTD_2D.pdf , page1 used on input line 56.
(pdftex.def)             Requested size: 252.0pt x 201.60033pt.
) (./figures/PWE_3D.pdf_tex
<figures/PWE_3D.pdf, id=33, page=1, 361.35pt x 289.08pt>
File: figures/PWE_3D.pdf Graphic file (type pdf)
<use figures/PWE_3D.pdf, page 1>
Package pdftex.def Info: figures/PWE_3D.pdf , page1 used on input line 56.
(pdftex.def)             Requested size: 252.0pt x 201.60033pt.
)
(./figures/FDTD_3D.pdf_tex
<figures/FDTD_3D.pdf, id=34, page=1, 361.35pt x 289.08pt>
File: figures/FDTD_3D.pdf Graphic file (type pdf)
<use figures/FDTD_3D.pdf, page 1>
Package pdftex.def Info: figures/FDTD_3D.pdf , page1 used on input line 56.
(pdftex.def)             Requested size: 252.0pt x 201.60033pt.
) (./article3.bbl [2 <./figures/sources_detectors.pdf> <./figures/sources_detec
tors.pdf

pdfTeX warning: pdflatex (file ./figures/sources_detectors.pdf): PDF inclusion:
 multiple pdfs with page group included in a single page
> <./figures/sources_detectors.pdf

pdfTeX warning: pdflatex (file ./figures/sources_detectors.pdf): PDF inclusion:
 multiple pdfs with page group included in a single page
> <./figures/sources_detectors.pdf

pdfTeX warning: pdflatex (file ./figures/sources_detectors.pdf): PDF inclusion:
 multiple pdfs with page group included in a single page
> <./figures/PHC_2D.pdf

pdfTeX warning: pdflatex (file ./figures/PHC_2D.pdf): PDF inclusion: multiple p
dfs with page group included in a single page
> <./figures/PHC_2D.pdf

pdfTeX warning: pdflatex (file ./figures/PHC_2D.pdf): PDF inclusion: multiple p
dfs with page group included in a single page
> <./figures/PHC_2D.pdf

pdfTeX warning: pdflatex (file ./figures/PHC_2D.pdf): PDF inclusion: multiple p
dfs with page group included in a single page
> <./figures/PHC_3D.pdf

pdfTeX warning: pdflatex (file ./figures/PHC_3D.pdf): PDF inclusion: multiple p
dfs with page group included in a single page
> <./figures/PHC_3D.pdf

pdfTeX warning: pdflatex (file ./figures/PHC_3D.pdf): PDF inclusion: multiple p
dfs with page group included in a single page
> <./figures/PHC_3D.pdf

pdfTeX warning: pdflatex (file ./figures/PHC_3D.pdf): PDF inclusion: multiple p
dfs with page group included in a single page
> <./figures/PHC_3D.pdf

pdfTeX warning: pdflatex (file ./figures/PHC_3D.pdf): PDF inclusion: multiple p
dfs with page group included in a single page
> <./figures/PHC_3D.pdf

pdfTeX warning: pdflatex (file ./figures/PHC_3D.pdf): PDF inclusion: multiple p
dfs with page group included in a single page
>]) [3 <./figures/PSD.pdf> <./figures/PWE_2D.pdf

pdfTeX warning: pdflatex (file ./figures/PWE_2D.pdf): PDF inclusion: multiple p
dfs with page group included in a single page
> <./figures/FDTD_2D.pdf

pdfTeX warning: pdflatex (file ./figures/FDTD_2D.pdf): PDF inclusion: multiple 
pdfs with page group included in a single page
> <./figures/PWE_3D.pdf

pdfTeX warning: pdflatex (file ./figures/PWE_3D.pdf): PDF inclusion: multiple p
dfs with page group included in a single page
>] [4

 <./figures/FDTD_3D.pdf>] (./article3.aux) ) 
Here is how much of TeX's memory you used:
 3396 strings out of 483163
 51674 string characters out of 5965511
 304472 words of memory out of 5000000
 18363 multiletter control sequences out of 15000+600000
 573426 words of font info for 102 fonts, out of 8000000 for 9000
 19 hyphenation exceptions out of 8191
 30i,15n,37p,944b,357s stack positions out of 5000i,500n,10000p,200000b,80000s
{/usr/share/texlive/texmf-dist/font
s/enc/dvips/base/8r.enc}</usr/share/texlive/texmf-dist/fonts/type1/public/amsfo
nts/cm/cmex10.pfb></usr/share/texlive/texmf-dist/fonts/type1/public/amsfonts/cm
/cmmi10.pfb></usr/share/texlive/texmf-dist/fonts/type1/public/amsfonts/cm/cmmi5
.pfb></usr/share/texlive/texmf-dist/fonts/type1/public/amsfonts/cm/cmmi6.pfb></
usr/share/texlive/texmf-dist/fonts/type1/public/amsfonts/cm/cmmi7.pfb></usr/sha
re/texlive/texmf-dist/fonts/type1/public/amsfonts/cm/cmmi8.pfb></usr/share/texl
ive/texmf-dist/fonts/type1/public/amsfonts/cm/cmmib10.pfb></usr/share/texlive/t
exmf-dist/fonts/type1/public/amsfonts/cmextra/cmmib7.pfb></usr/share/texlive/te
xmf-dist/fonts/type1/public/amsfonts/cm/cmr10.pfb></usr/share/texlive/texmf-dis
t/fonts/type1/public/amsfonts/cm/cmr7.pfb></usr/share/texlive/texmf-dist/fonts/
type1/public/amsfonts/cm/cmr8.pfb></usr/share/texlive/texmf-dist/fonts/type1/pu
blic/amsfonts/cm/cmsy10.pfb></usr/share/texlive/texmf-dist/fonts/type1/public/a
msfonts/cm/cmsy7.pfb></usr/share/texlive/texmf-dist/fonts/type1/urw/times/utmb8
a.pfb></usr/share/texlive/texmf-dist/fonts/type1/urw/times/utmbi8a.pfb></usr/sh
are/texlive/texmf-dist/fonts/type1/urw/times/utmr8a.pfb></usr/share/texlive/tex
mf-dist/fonts/type1/urw/times/utmri8a.pfb>
Output written on article3.pdf (4 pages, 567071 bytes).
PDF statistics:
 1313 PDF objects out of 1440 (max. 8388607)
 888 compressed objects within 9 object streams
 0 named destinations out of 1000 (max. 500000)
 86 words of extra memory for PDF output out of 10000 (max. 10000000)

